Classic Timing Analyzer report for d_flip_flop
Wed Oct 16 23:15:07 2019
Quartus II Version 9.0 Build 132 02/25/2009 SJ Full Version


---------------------
; Table of Contents ;
---------------------
  1. Legal Notice
  2. Timing Analyzer Summary
  3. Timing Analyzer Settings
  4. Clock Settings Summary
  5. Parallel Compilation
  6. tsu
  7. tco
  8. th
  9. Timing Analyzer Messages



----------------
; Legal Notice ;
----------------
Copyright (C) 1991-2009 Altera Corporation
Your use of Altera Corporation's design tools, logic functions 
and other software and tools, and its AMPP partner logic 
functions, and any output files from any of the foregoing 
(including device programming or simulation files), and any 
associated documentation or information are expressly subject 
to the terms and conditions of the Altera Program License 
Subscription Agreement, Altera MegaCore Function License 
Agreement, or other applicable license agreement, including, 
without limitation, that your use is for the sole purpose of 
programming logic devices manufactured by Altera and sold by 
Altera or its authorized distributors.  Please refer to the 
applicable agreement for further details.



+-----------------------------------------------------------------------------------------------------------------------------+
; Timing Analyzer Summary                                                                                                     ;
+------------------------------+-------+---------------+-------------+--------+--------+------------+----------+--------------+
; Type                         ; Slack ; Required Time ; Actual Time ; From   ; To     ; From Clock ; To Clock ; Failed Paths ;
+------------------------------+-------+---------------+-------------+--------+--------+------------+----------+--------------+
; Worst-case tsu               ; N/A   ; None          ; 2.646 ns    ; d      ; q~reg0 ; --         ; clk      ; 0            ;
; Worst-case tco               ; N/A   ; None          ; 4.877 ns    ; q~reg0 ; q      ; clk        ; --       ; 0            ;
; Worst-case th                ; N/A   ; None          ; -2.407 ns   ; d      ; q~reg0 ; --         ; clk      ; 0            ;
; Total number of failed paths ;       ;               ;             ;        ;        ;            ;          ; 0            ;
+------------------------------+-------+---------------+-------------+--------+--------+------------+----------+--------------+


+--------------------------------------------------------------------------------------------------------------------+
; Timing Analyzer Settings                                                                                           ;
+---------------------------------------------------------------------+--------------------+------+----+-------------+
; Option                                                              ; Setting            ; From ; To ; Entity Name ;
+---------------------------------------------------------------------+--------------------+------+----+-------------+
; Device Name                                                         ; EP2S30F484C3       ;      ;    ;             ;
; Timing Models                                                       ; Final              ;      ;    ;             ;
; Default hold multicycle                                             ; Same as Multicycle ;      ;    ;             ;
; Cut paths between unrelated clock domains                           ; On                 ;      ;    ;             ;
; Cut off read during write signal paths                              ; On                 ;      ;    ;             ;
; Cut off feedback from I/O pins                                      ; On                 ;      ;    ;             ;
; Report Combined Fast/Slow Timing                                    ; Off                ;      ;    ;             ;
; Ignore Clock Settings                                               ; Off                ;      ;    ;             ;
; Analyze latches as synchronous elements                             ; On                 ;      ;    ;             ;
; Enable Recovery/Removal analysis                                    ; Off                ;      ;    ;             ;
; Enable Clock Latency                                                ; Off                ;      ;    ;             ;
; Use TimeQuest Timing Analyzer                                       ; Off                ;      ;    ;             ;
; Minimum Core Junction Temperature                                   ; 0                  ;      ;    ;             ;
; Maximum Core Junction Temperature                                   ; 85                 ;      ;    ;             ;
; Number of source nodes to report per destination node               ; 10                 ;      ;    ;             ;
; Number of destination nodes to report                               ; 10                 ;      ;    ;             ;
; Number of paths to report                                           ; 200                ;      ;    ;             ;
; Report Minimum Timing Checks                                        ; Off                ;      ;    ;             ;
; Use Fast Timing Models                                              ; Off                ;      ;    ;             ;
; Report IO Paths Separately                                          ; Off                ;      ;    ;             ;
; Perform Multicorner Analysis                                        ; On                 ;      ;    ;             ;
; Reports the worst-case path for each clock domain and analysis      ; Off                ;      ;    ;             ;
; Removes common clock path pessimism (CCPP) during slack computation ; Off                ;      ;    ;             ;
; Output I/O Timing Endpoint                                          ; Near End           ;      ;    ;             ;
+---------------------------------------------------------------------+--------------------+------+----+-------------+


+------------------------------------------------------------------------------------------------------------------------------------------------------------------------------------+
; Clock Settings Summary                                                                                                                                                             ;
+-----------------+--------------------+----------+------------------+---------------+--------------+----------+-----------------------+---------------------+--------+--------------+
; Clock Node Name ; Clock Setting Name ; Type     ; Fmax Requirement ; Early Latency ; Late Latency ; Based on ; Multiply Base Fmax by ; Divide Base Fmax by ; Offset ; Phase offset ;
+-----------------+--------------------+----------+------------------+---------------+--------------+----------+-----------------------+---------------------+--------+--------------+
; clk             ;                    ; User Pin ; None             ; 0.000 ns      ; 0.000 ns     ; --       ; N/A                   ; N/A                 ; N/A    ;              ;
+-----------------+--------------------+----------+------------------+---------------+--------------+----------+-----------------------+---------------------+--------+--------------+


+------------------------------------------+
; Parallel Compilation                     ;
+----------------------------+-------------+
; Processors                 ; Number      ;
+----------------------------+-------------+
; Number detected on machine ; 4           ;
; Maximum allowed            ; 4           ;
;                            ;             ;
; Average used               ; 1.00        ;
; Maximum used               ; 1           ;
;                            ;             ;
; Usage by Processor         ; % Time Used ;
;     1 processor            ; 100.0%      ;
;     2-4 processors         ;   0.0%      ;
+----------------------------+-------------+


+--------------------------------------------------------------+
; tsu                                                          ;
+-------+--------------+------------+------+--------+----------+
; Slack ; Required tsu ; Actual tsu ; From ; To     ; To Clock ;
+-------+--------------+------------+------+--------+----------+
; N/A   ; None         ; 2.646 ns   ; d    ; q~reg0 ; clk      ;
+-------+--------------+------------+------+--------+----------+


+--------------------------------------------------------------+
; tco                                                          ;
+-------+--------------+------------+--------+----+------------+
; Slack ; Required tco ; Actual tco ; From   ; To ; From Clock ;
+-------+--------------+------------+--------+----+------------+
; N/A   ; None         ; 4.877 ns   ; q~reg0 ; q  ; clk        ;
+-------+--------------+------------+--------+----+------------+


+--------------------------------------------------------------------+
; th                                                                 ;
+---------------+-------------+-----------+------+--------+----------+
; Minimum Slack ; Required th ; Actual th ; From ; To     ; To Clock ;
+---------------+-------------+-----------+------+--------+----------+
; N/A           ; None        ; -2.407 ns ; d    ; q~reg0 ; clk      ;
+---------------+-------------+-----------+------+--------+----------+


+--------------------------+
; Timing Analyzer Messages ;
+--------------------------+
Info: *******************************************************************
Info: Running Quartus II Classic Timing Analyzer
    Info: Version 9.0 Build 132 02/25/2009 SJ Full Version
    Info: Processing started: Wed Oct 16 23:15:07 2019
Info: Command: quartus_tan --read_settings_files=off --write_settings_files=off d_flip_flop -c d_flip_flop --timing_analysis_only
Info: Parallel compilation is enabled and will use 4 of the 4 processors detected
Warning: Found pins functioning as undefined clocks and/or memory enables
    Info: Assuming node "clk" is an undefined clock
Info: No valid register-to-register data paths exist for clock "clk"
Info: tsu for register "q~reg0" (data pin = "d", clock pin = "clk") is 2.646 ns
    Info: + Longest pin to register delay is 4.883 ns
        Info: 1: + IC(0.000 ns) + CELL(0.857 ns) = 0.857 ns; Loc. = PIN_AB17; Fanout = 1; PIN Node = 'd'
        Info: 2: + IC(3.717 ns) + CELL(0.309 ns) = 4.883 ns; Loc. = LCFF_X17_Y1_N17; Fanout = 1; REG Node = 'q~reg0'
        Info: Total cell delay = 1.166 ns ( 23.88 % )
        Info: Total interconnect delay = 3.717 ns ( 76.12 % )
    Info: + Micro setup delay of destination is 0.090 ns
    Info: - Shortest clock path from clock "clk" to destination register is 2.327 ns
        Info: 1: + IC(0.000 ns) + CELL(0.857 ns) = 0.857 ns; Loc. = PIN_AA17; Fanout = 1; CLK Node = 'clk'
        Info: 2: + IC(0.852 ns) + CELL(0.618 ns) = 2.327 ns; Loc. = LCFF_X17_Y1_N17; Fanout = 1; REG Node = 'q~reg0'
        Info: Total cell delay = 1.475 ns ( 63.39 % )
        Info: Total interconnect delay = 0.852 ns ( 36.61 % )
Info: tco from clock "clk" to destination pin "q" through register "q~reg0" is 4.877 ns
    Info: + Longest clock path from clock "clk" to source register is 2.327 ns
        Info: 1: + IC(0.000 ns) + CELL(0.857 ns) = 0.857 ns; Loc. = PIN_AA17; Fanout = 1; CLK Node = 'clk'
        Info: 2: + IC(0.852 ns) + CELL(0.618 ns) = 2.327 ns; Loc. = LCFF_X17_Y1_N17; Fanout = 1; REG Node = 'q~reg0'
        Info: Total cell delay = 1.475 ns ( 63.39 % )
        Info: Total interconnect delay = 0.852 ns ( 36.61 % )
    Info: + Micro clock to output delay of source is 0.094 ns
    Info: + Longest register to pin delay is 2.456 ns
        Info: 1: + IC(0.000 ns) + CELL(0.000 ns) = 0.000 ns; Loc. = LCFF_X17_Y1_N17; Fanout = 1; REG Node = 'q~reg0'
        Info: 2: + IC(0.474 ns) + CELL(1.982 ns) = 2.456 ns; Loc. = PIN_AB18; Fanout = 0; PIN Node = 'q'
        Info: Total cell delay = 1.982 ns ( 80.70 % )
        Info: Total interconnect delay = 0.474 ns ( 19.30 % )
Info: th for register "q~reg0" (data pin = "d", clock pin = "clk") is -2.407 ns
    Info: + Longest clock path from clock "clk" to destination register is 2.327 ns
        Info: 1: + IC(0.000 ns) + CELL(0.857 ns) = 0.857 ns; Loc. = PIN_AA17; Fanout = 1; CLK Node = 'clk'
        Info: 2: + IC(0.852 ns) + CELL(0.618 ns) = 2.327 ns; Loc. = LCFF_X17_Y1_N17; Fanout = 1; REG Node = 'q~reg0'
        Info: Total cell delay = 1.475 ns ( 63.39 % )
        Info: Total interconnect delay = 0.852 ns ( 36.61 % )
    Info: + Micro hold delay of destination is 0.149 ns
    Info: - Shortest pin to register delay is 4.883 ns
        Info: 1: + IC(0.000 ns) + CELL(0.857 ns) = 0.857 ns; Loc. = PIN_AB17; Fanout = 1; PIN Node = 'd'
        Info: 2: + IC(3.717 ns) + CELL(0.309 ns) = 4.883 ns; Loc. = LCFF_X17_Y1_N17; Fanout = 1; REG Node = 'q~reg0'
        Info: Total cell delay = 1.166 ns ( 23.88 % )
        Info: Total interconnect delay = 3.717 ns ( 76.12 % )
Info: Quartus II Classic Timing Analyzer was successful. 0 errors, 1 warning
    Info: Peak virtual memory: 191 megabytes
    Info: Processing ended: Wed Oct 16 23:15:07 2019
    Info: Elapsed time: 00:00:00
    Info: Total CPU time (on all processors): 00:00:01


